<?xml version="1.0" encoding="UTF-8"?>
<!-- Generated by org.testng.reporters.JUnitXMLReporter -->
<testsuite hostname="INPUSCPC10382" ignored="0" name="Test" tests="3" failures="0" timestamp="21 Jun 2019 06:37:34 GMT" time="11.229" errors="0">
  <testcase name="policyTestOne" time="10.452" classname="tests.TestPolicy"/>
  <testcase name="policyTestThree" time="0.0" classname="tests.TestPolicy"/>
  <testcase name="policyTestTwo" time="0.0" classname="tests.TestPolicy"/>
</testsuite> <!-- Test -->
