<?xml version="1.0" encoding="UTF-8"?>
<!-- Generated by org.testng.reporters.JUnitXMLReporter -->
<testsuite hostname="INPUSCPC10382" ignored="0" name="Test" tests="3" failures="0" timestamp="21 Jun 2019 05:03:40 GMT" time="0.022" errors="0">
  <testcase name="policyTestOne" time="0.005" classname="tests.TestPolicy"/>
  <testcase name="policyTestThree" time="0.001" classname="tests.TestPolicy"/>
  <testcase name="policyTestTwo" time="0.0" classname="tests.TestPolicy"/>
</testsuite> <!-- Test -->
